SF:lib\src\form_builder.dart
DA:17,0
DA:23,0
DA:37,0
DA:38,0
DA:44,0
DA:46,0
DA:47,0
DA:48,0
DA:49,0
DA:50,0
DA:51,0
DA:54,0
DA:56,0
DA:57,0
DA:58,0
DA:59,0
DA:62,0
DA:64,0
DA:66,0
DA:76,0
DA:77,0
DA:78,0
DA:79,0
DA:81,0
DA:82,0
DA:84,0
DA:86,0
DA:87,0
DA:88,0
DA:89,0
DA:90,0
DA:93,0
DA:95,0
DA:100,0
LF:34
LH:0
end_of_record
SF:lib\src\form_helper.dart
DA:5,2
DA:7,2
DA:10,2
DA:13,2
DA:19,0
DA:59,1
DA:63,1
DA:66,1
DA:67,1
DA:68,2
DA:69,1
DA:70,4
DA:71,1
DA:72,1
DA:73,2
DA:74,1
DA:75,4
DA:79,1
DA:110,3
DA:112,1
DA:113,4
DA:116,1
DA:119,3
DA:121,2
DA:122,0
DA:127,0
DA:128,0
DA:129,0
DA:132,0
DA:133,0
DA:139,0
DA:142,0
DA:143,0
DA:144,0
DA:148,0
DA:150,0
DA:154,0
DA:155,0
DA:156,0
DA:157,0
DA:160,0
DA:161,0
DA:162,0
DA:163,0
DA:164,0
DA:165,0
DA:166,0
DA:176,1
DA:177,1
DA:178,0
DA:182,2
DA:183,0
DA:186,2
DA:187,1
DA:191,1
DA:192,2
DA:194,1
DA:199,0
DA:200,0
DA:201,0
DA:203,0
DA:209,1
DA:210,3
DA:211,4
DA:214,3
DA:219,1
DA:220,5
DA:223,0
DA:226,3
DA:229,0
DA:230,0
DA:233,1
DA:234,2
DA:235,1
DA:237,0
DA:238,0
DA:241,1
DA:244,0
DA:245,0
DA:246,0
DA:247,0
DA:248,0
DA:251,0
DA:252,0
DA:253,0
DA:255,0
DA:262,1
DA:263,1
DA:265,2
DA:266,0
DA:269,3
DA:272,0
DA:273,0
DA:275,0
DA:276,0
DA:278,0
DA:279,0
DA:280,0
DA:282,0
DA:284,0
DA:287,0
DA:297,0
DA:298,0
DA:306,0
DA:308,0
DA:309,0
DA:311,0
DA:312,0
DA:313,0
DA:314,0
DA:315,0
DA:316,0
DA:317,0
DA:318,0
DA:319,0
DA:320,0
DA:325,0
DA:333,0
DA:334,0
DA:335,0
DA:336,0
DA:337,0
DA:338,0
DA:339,0
DA:343,0
DA:351,0
DA:352,0
DA:353,0
DA:354,0
DA:355,0
LF:130
LH:46
end_of_record
SF:lib\src\validators.dart
DA:7,1
DA:9,1
DA:10,1
DA:11,2
DA:19,2
DA:26,8
DA:28,2
DA:36,1
DA:40,3
DA:48,1
DA:50,2
DA:58,1
DA:59,2
DA:67,1
DA:70,1
DA:71,1
DA:81,1
DA:83,1
DA:84,1
DA:92,2
DA:93,1
DA:94,3
LF:22
LH:22
end_of_record
